<?xml version="1.0" encoding="UTF-8"?>

<testsuite name="tests.factorylabs.orange.core.gc.JanitorConnectionsTests" tests="3" failures="0" errors="0" skipped="0" time="0.0">
  <testcase classname="tests.factorylabs.orange.core.gc::JanitorConnectionsTests" name="cleanUpConnections" time="0.000" status="success"/>
  <testcase classname="tests.factorylabs.orange.core.gc::JanitorConnectionsTests" name="addConnection" time="0.000" status="success"/>
  <testcase classname="tests.factorylabs.orange.core.gc::JanitorConnectionsTests" name="removeConnection" time="0.000" status="success"/>
</testsuite>
