<?xml version="1.0" encoding="UTF-8"?>

<testsuite name="tests.factorylabs.orange.core.gc.JanitorSoundChannelTests" tests="3" failures="0" errors="0" skipped="0" time="0.0">
  <testcase classname="tests.factorylabs.orange.core.gc::JanitorSoundChannelTests" name="cleanUpSoundChannels" time="0.000" status="success"/>
  <testcase classname="tests.factorylabs.orange.core.gc::JanitorSoundChannelTests" name="addSoundChannel" time="0.000" status="success"/>
  <testcase classname="tests.factorylabs.orange.core.gc::JanitorSoundChannelTests" name="removeSoundChannel" time="0.000" status="success"/>
</testsuite>
