<?xml version="1.0" encoding="UTF-8"?>

<testsuite name="tests.factorylabs.orange.core.collections.FMapTests" tests="2" failures="0" errors="0" skipped="0" time="0.0">
  <testcase classname="tests.factorylabs.orange.core.collections::FMapTests" name="iterator" time="0.000" status="success"/>
  <testcase classname="tests.factorylabs.orange.core.collections::FMapTests" name="get" time="0.000" status="success"/>
</testsuite>
