<?xml version="1.0" encoding="UTF-8"?>

<testsuite name="tests.factorylabs.orange.core.display.fills.GradientFillTests" tests="9" failures="0" errors="0" skipped="0" time="0.0">
  <testcase classname="tests.factorylabs.orange.core.display.fills::GradientFillTests" name="colors" time="0.000" status="success"/>
  <testcase classname="tests.factorylabs.orange.core.display.fills::GradientFillTests" name="rotation" time="0.000" status="success"/>
  <testcase classname="tests.factorylabs.orange.core.display.fills::GradientFillTests" name="interpolationMethod" time="0.000" status="success"/>
  <testcase classname="tests.factorylabs.orange.core.display.fills::GradientFillTests" name="type" time="0.000" status="success"/>
  <testcase classname="tests.factorylabs.orange.core.display.fills::GradientFillTests" name="focalPointRatio" time="0.000" status="success"/>
  <testcase classname="tests.factorylabs.orange.core.display.fills::GradientFillTests" name="ratios" time="0.000" status="success"/>
  <testcase classname="tests.factorylabs.orange.core.display.fills::GradientFillTests" name="alphas" time="0.000" status="success"/>
  <testcase classname="tests.factorylabs.orange.core.display.fills::GradientFillTests" name="constructor" time="0.000" status="success"/>
  <testcase classname="tests.factorylabs.orange.core.display.fills::GradientFillTests" name="spreadMethod" time="0.000" status="success"/>
</testsuite>
