<?xml version="1.0" encoding="UTF-8"?>

<testsuite name="tests.factorylabs.orange.core.display.FTextFieldTests" tests="5" failures="0" errors="0" skipped="0" time="0.0">
  <testcase classname="tests.factorylabs.orange.core.display::FTextFieldTests" name="setPropertiesExpectsError" time="0.000" status="success"/>
  <testcase classname="tests.factorylabs.orange.core.display::FTextFieldTests" name="multiline" time="0.000" status="success"/>
  <testcase classname="tests.factorylabs.orange.core.display::FTextFieldTests" name="remove" time="0.000" status="success"/>
  <testcase classname="tests.factorylabs.orange.core.display::FTextFieldTests" name="setProperties" time="0.000" status="success"/>
  <testcase classname="tests.factorylabs.orange.core.display::FTextFieldTests" name="constructor" time="0.000" status="success"/>
</testsuite>
