<?xml version="1.0" encoding="UTF-8"?>

<testsuite name="tests.factorylabs.orange.core.gc.JanitorManagerTests" tests="4" failures="0" errors="0" skipped="0" time="0.0">
  <testcase classname="tests.factorylabs.orange.core.gc::JanitorManagerTests" name="removeJanitor" time="0.000" status="success"/>
  <testcase classname="tests.factorylabs.orange.core.gc::JanitorManagerTests" name="addJanitor" time="0.000" status="success"/>
  <testcase classname="tests.factorylabs.orange.core.gc::JanitorManagerTests" name="cleanUpJanitor" time="0.000" status="success"/>
  <testcase classname="tests.factorylabs.orange.core.gc::JanitorManagerTests" name="cleanUp" time="0.000" status="success"/>
</testsuite>
