<?xml version="1.0" encoding="UTF-8"?>

<testsuite name="tests.factorylabs.orange.core.display.fills.SolidFillTests" tests="3" failures="0" errors="0" skipped="0" time="0.0">
  <testcase classname="tests.factorylabs.orange.core.display.fills::SolidFillTests" name="alpha" time="0.000" status="success"/>
  <testcase classname="tests.factorylabs.orange.core.display.fills::SolidFillTests" name="constructor" time="0.000" status="success"/>
  <testcase classname="tests.factorylabs.orange.core.display.fills::SolidFillTests" name="color" time="0.000" status="success"/>
</testsuite>
