<?xml version="1.0" encoding="UTF-8"?>

<testsuite name="tests.factorylabs.orange.core.display.graphics.FWedgeTests" tests="12" failures="0" errors="0" skipped="0" time="0.0">
  <testcase classname="tests.factorylabs.orange.core.display.graphics::FWedgeTests" name="gfx" time="0.000" status="success"/>
  <testcase classname="tests.factorylabs.orange.core.display.graphics::FWedgeTests" name="fill" time="0.000" status="success"/>
  <testcase classname="tests.factorylabs.orange.core.display.graphics::FWedgeTests" name="x" time="0.000" status="success"/>
  <testcase classname="tests.factorylabs.orange.core.display.graphics::FWedgeTests" name="height" time="0.000" status="success"/>
  <testcase classname="tests.factorylabs.orange.core.display.graphics::FWedgeTests" name="y" time="0.000" status="success"/>
  <testcase classname="tests.factorylabs.orange.core.display.graphics::FWedgeTests" name="redraw" time="0.000" status="success"/>
  <testcase classname="tests.factorylabs.orange.core.display.graphics::FWedgeTests" name="width" time="0.000" status="success"/>
  <testcase classname="tests.factorylabs.orange.core.display.graphics::FWedgeTests" name="startAngle" time="0.000" status="success"/>
  <testcase classname="tests.factorylabs.orange.core.display.graphics::FWedgeTests" name="arc" time="0.000" status="success"/>
  <testcase classname="tests.factorylabs.orange.core.display.graphics::FWedgeTests" name="autoRedraw" time="0.000" status="success"/>
  <testcase classname="tests.factorylabs.orange.core.display.graphics::FWedgeTests" name="direction" time="0.000" status="success"/>
  <testcase classname="tests.factorylabs.orange.core.display.graphics::FWedgeTests" name="size" time="0.000" status="success"/>
</testsuite>
