<?xml version="1.0" encoding="UTF-8"?>

<testsuite name="tests.factorylabs.orange.core.errors.IllegalSetPropertiesErrorTests" tests="1" failures="0" errors="0" skipped="0" time="0.0">
  <testcase classname="tests.factorylabs.orange.core.errors::IllegalSetPropertiesErrorTests" name="throwIllegalDisplayInitParamError" time="0.000" status="success"/>
</testsuite>
