<?xml version="1.0" encoding="UTF-8"?>

<testsuite name="tests.factorylabs.orange.core.math.PhysicsMethodsTests" tests="3" failures="0" errors="0" skipped="0" time="0.0">
  <testcase classname="tests.factorylabs.orange.core.math::PhysicsMethodsTests" name="getAngleToTarget" time="0.000" status="success"/>
  <testcase classname="tests.factorylabs.orange.core.math::PhysicsMethodsTests" name="getHypotenuse" time="0.000" status="success"/>
  <testcase classname="tests.factorylabs.orange.core.math::PhysicsMethodsTests" name="constrainAngle" time="0.000" status="success"/>
</testsuite>
