<?xml version="1.0" encoding="UTF-8"?>

<testsuite name="tests.factorylabs.orange.core.display.FBitmapTextTests" tests="2" failures="0" errors="0" skipped="0" time="0.0">
  <testcase classname="tests.factorylabs.orange.core.display::FBitmapTextTests" name="fBitmap" time="0.000" status="success"/>
  <testcase classname="tests.factorylabs.orange.core.display::FBitmapTextTests" name="constructor" time="0.000" status="success"/>
</testsuite>
