<?xml version="1.0" encoding="UTF-8"?>

<testsuite name="tests.factorylabs.orange.core.display.graphics.FRectCorneredComplexTests" tests="13" failures="0" errors="0" skipped="0" time="0.0">
  <testcase classname="tests.factorylabs.orange.core.display.graphics::FRectCorneredComplexTests" name="gfx" time="0.000" status="success"/>
  <testcase classname="tests.factorylabs.orange.core.display.graphics::FRectCorneredComplexTests" name="fill" time="0.000" status="success"/>
  <testcase classname="tests.factorylabs.orange.core.display.graphics::FRectCorneredComplexTests" name="topLeft" time="0.000" status="success"/>
  <testcase classname="tests.factorylabs.orange.core.display.graphics::FRectCorneredComplexTests" name="y" time="0.000" status="success"/>
  <testcase classname="tests.factorylabs.orange.core.display.graphics::FRectCorneredComplexTests" name="x" time="0.000" status="success"/>
  <testcase classname="tests.factorylabs.orange.core.display.graphics::FRectCorneredComplexTests" name="bottomLeft" time="0.000" status="success"/>
  <testcase classname="tests.factorylabs.orange.core.display.graphics::FRectCorneredComplexTests" name="height" time="0.000" status="success"/>
  <testcase classname="tests.factorylabs.orange.core.display.graphics::FRectCorneredComplexTests" name="topRight" time="0.000" status="success"/>
  <testcase classname="tests.factorylabs.orange.core.display.graphics::FRectCorneredComplexTests" name="autoRedraw" time="0.000" status="success"/>
  <testcase classname="tests.factorylabs.orange.core.display.graphics::FRectCorneredComplexTests" name="redraw" time="0.000" status="success"/>
  <testcase classname="tests.factorylabs.orange.core.display.graphics::FRectCorneredComplexTests" name="center" time="0.000" status="success"/>
  <testcase classname="tests.factorylabs.orange.core.display.graphics::FRectCorneredComplexTests" name="width" time="0.000" status="success"/>
  <testcase classname="tests.factorylabs.orange.core.display.graphics::FRectCorneredComplexTests" name="bottomRight" time="0.000" status="success"/>
</testsuite>
