<?xml version="1.0" encoding="UTF-8"?>

<testsuite name="tests.factorylabs.orange.core.display.fills.SolidStrokeTests" tests="9" failures="0" errors="0" skipped="0" time="0.0">
  <testcase classname="tests.factorylabs.orange.core.display.fills::SolidStrokeTests" name="pixelHinting" time="0.000" status="success"/>
  <testcase classname="tests.factorylabs.orange.core.display.fills::SolidStrokeTests" name="alpha" time="0.000" status="success"/>
  <testcase classname="tests.factorylabs.orange.core.display.fills::SolidStrokeTests" name="miterLimit" time="0.000" status="success"/>
  <testcase classname="tests.factorylabs.orange.core.display.fills::SolidStrokeTests" name="color" time="0.000" status="success"/>
  <testcase classname="tests.factorylabs.orange.core.display.fills::SolidStrokeTests" name="caps" time="0.000" status="success"/>
  <testcase classname="tests.factorylabs.orange.core.display.fills::SolidStrokeTests" name="constructor" time="0.000" status="success"/>
  <testcase classname="tests.factorylabs.orange.core.display.fills::SolidStrokeTests" name="joints" time="0.000" status="success"/>
  <testcase classname="tests.factorylabs.orange.core.display.fills::SolidStrokeTests" name="scaleMode" time="0.000" status="success"/>
  <testcase classname="tests.factorylabs.orange.core.display.fills::SolidStrokeTests" name="thickness" time="0.000" status="success"/>
</testsuite>
