<?xml version="1.0" encoding="UTF-8"?>

<testsuite name="tests.factorylabs.orange.core.display.graphics.FRectRoundComplexTests" tests="13" failures="0" errors="0" skipped="0" time="0.0">
  <testcase classname="tests.factorylabs.orange.core.display.graphics::FRectRoundComplexTests" name="y" time="0.000" status="success"/>
  <testcase classname="tests.factorylabs.orange.core.display.graphics::FRectRoundComplexTests" name="center" time="0.000" status="success"/>
  <testcase classname="tests.factorylabs.orange.core.display.graphics::FRectRoundComplexTests" name="height" time="0.000" status="success"/>
  <testcase classname="tests.factorylabs.orange.core.display.graphics::FRectRoundComplexTests" name="topLeft" time="0.000" status="success"/>
  <testcase classname="tests.factorylabs.orange.core.display.graphics::FRectRoundComplexTests" name="autoRedraw" time="0.000" status="success"/>
  <testcase classname="tests.factorylabs.orange.core.display.graphics::FRectRoundComplexTests" name="fill" time="0.000" status="success"/>
  <testcase classname="tests.factorylabs.orange.core.display.graphics::FRectRoundComplexTests" name="gfx" time="0.000" status="success"/>
  <testcase classname="tests.factorylabs.orange.core.display.graphics::FRectRoundComplexTests" name="topRight" time="0.000" status="success"/>
  <testcase classname="tests.factorylabs.orange.core.display.graphics::FRectRoundComplexTests" name="x" time="0.000" status="success"/>
  <testcase classname="tests.factorylabs.orange.core.display.graphics::FRectRoundComplexTests" name="redraw" time="0.000" status="success"/>
  <testcase classname="tests.factorylabs.orange.core.display.graphics::FRectRoundComplexTests" name="bottomRight" time="0.000" status="success"/>
  <testcase classname="tests.factorylabs.orange.core.display.graphics::FRectRoundComplexTests" name="bottomLeft" time="0.000" status="success"/>
  <testcase classname="tests.factorylabs.orange.core.display.graphics::FRectRoundComplexTests" name="width" time="0.000" status="success"/>
</testsuite>
